<?xml version="1.0" encoding="UTF-8"?>
<!-- Generated by org.testng.reporters.JUnitXMLReporter -->
<testsuite hostname="Selenium" name="Default test(failed)" tests="1" failures="1" timestamp="23 Sep 2017 18:10:41 GMT" time="33.834" errors="0">
  <testcase name="wordpress" time="33.794" classname="DDF.DDF_WithoutExel">
    <failure type="java.lang.AssertionError" message="login failed expected [true] but found [false]">
      <![CDATA[java.lang.AssertionError: login failed expected [true] but found [false]
	at DDF.DDF_WithoutExel.wordpress(DDF_WithoutExel.java:33)
... Removed 27 stack frames]]>
    </failure>
  </testcase> <!-- wordpress -->
</testsuite> <!-- Default test(failed) -->
